d:\github-awe\github-vixx\kernelcodeexecution\kernelcodeexecution\x64\release\vc143.pdb
d:\github-awe\github-vixx\kernelcodeexecution\kernelcodeexecution\x64\release\kernelcodeexecution.obj
d:\github-awe\github-vixx\kernelcodeexecution\kernelcodeexecution\x64\release\memory.obj
d:\github-awe\github-vixx\kernelcodeexecution\kernelcodeexecution\x64\release\memhandler.obj
d:\github-awe\github-vixx\kernelcodeexecution\kernelcodeexecution\x64\release\kernelhelper.obj
d:\github-awe\github-vixx\kernelcodeexecution\x64\release\kernelcodeexecution.exe
d:\github-awe\github-vixx\kernelcodeexecution\x64\release\kernelcodeexecution.pdb
d:\github-awe\github-vixx\kernelcodeexecution\kernelcodeexecution\x64\release\syscall.obj
d:\github-awe\github-vixx\kernelcodeexecution\kernelcodeexecution\x64\release\kernelcodeexecution.ipdb
d:\github-awe\github-vixx\kernelcodeexecution\kernelcodeexecution\x64\release\kernelcodeexecution.iobj
d:\github-awe\github-vixx\kernelcodeexecution\kernelcodeexecution\x64\release\kernelco.973cd09d.tlog\cl.command.1.tlog
d:\github-awe\github-vixx\kernelcodeexecution\kernelcodeexecution\x64\release\kernelco.973cd09d.tlog\cl.items.tlog
d:\github-awe\github-vixx\kernelcodeexecution\kernelcodeexecution\x64\release\kernelco.973cd09d.tlog\cl.read.1.tlog
d:\github-awe\github-vixx\kernelcodeexecution\kernelcodeexecution\x64\release\kernelco.973cd09d.tlog\cl.write.1.tlog
d:\github-awe\github-vixx\kernelcodeexecution\kernelcodeexecution\x64\release\kernelco.973cd09d.tlog\link.command.1.tlog
d:\github-awe\github-vixx\kernelcodeexecution\kernelcodeexecution\x64\release\kernelco.973cd09d.tlog\link.read.1.tlog
d:\github-awe\github-vixx\kernelcodeexecution\kernelcodeexecution\x64\release\kernelco.973cd09d.tlog\link.secondary.1.tlog
d:\github-awe\github-vixx\kernelcodeexecution\kernelcodeexecution\x64\release\kernelco.973cd09d.tlog\link.write.1.tlog
d:\github-awe\github-vixx\kernelcodeexecution\kernelcodeexecution\x64\release\kernelco.973cd09d.tlog\masm.read.1u.tlog
d:\github-awe\github-vixx\kernelcodeexecution\kernelcodeexecution\x64\release\kernelco.973cd09d.tlog\masm.write.1u.tlog
